<?xml version="1.0" encoding="UTF-8"?>
<testsuite name="CalculatorTests" tests="5" skipped="0" failures="0" errors="0" timestamp="2022-08-01T15:56:47" hostname="ENEYEITECH" time="0.059">
  <properties/>
  <testcase name="testMaxFirstArgGreaterThanSecondArg()" classname="CalculatorTests" time="0.041"/>
  <testcase name="testMaxFirstArgEqualToSecondArg()" classname="CalculatorTests" time="0.005"/>
  <testcase name="testMultiplication()" classname="CalculatorTests" time="0.003"/>
  <testcase name="Add 1 and 2, result should be 3" classname="CalculatorTests" time="0.001"/>
  <testcase name="testMaxFirstArgLessThanSecondArg()" classname="CalculatorTests" time="0.001"/>
  <system-out><![CDATA[]]></system-out>
  <system-err><![CDATA[]]></system-err>
</testsuite>
